1650960821.395616 client started (53387): version 3.0a, socket /tmp//tmux-1000/default, protocol 8
1650960821.395724 on Linux 5.4.0-107-generic #121-Ubuntu SMP Thu Mar 24 16:04:27 UTC 2022; libevent 2.1.11-stable (poll)
1650960821.395750 socket is /tmp//tmux-1000/default
1650960821.395765 trying connect
1650960821.395851 add peer 0x5647f8f3b480: 6 ((nil))
1650960821.395984 sending message 100 to peer 0x5647f8f3b480 (4 bytes)
1650960821.395995 sending message 101 to peer 0x5647f8f3b480 (16 bytes)
1650960821.396000 sending message 102 to peer 0x5647f8f3b480 (11 bytes)
1650960821.396004 sending message 108 to peer 0x5647f8f3b480 (32 bytes)
1650960821.396010 sending message 104 to peer 0x5647f8f3b480 (0 bytes)
1650960821.396014 sending message 107 to peer 0x5647f8f3b480 (4 bytes)
1650960821.396018 sending message 105 to peer 0x5647f8f3b480 (20 bytes)
1650960821.396023 sending message 105 to peer 0x5647f8f3b480 (54 bytes)
1650960821.396028 sending message 105 to peer 0x5647f8f3b480 (51 bytes)
1650960821.396032 sending message 105 to peer 0x5647f8f3b480 (23 bytes)
1650960821.396036 sending message 105 to peer 0x5647f8f3b480 (11 bytes)
1650960821.396041 sending message 105 to peer 0x5647f8f3b480 (18 bytes)
1650960821.396045 sending message 105 to peer 0x5647f8f3b480 (73 bytes)
1650960821.396050 sending message 105 to peer 0x5647f8f3b480 (36 bytes)
1650960821.396054 sending message 105 to peer 0x5647f8f3b480 (24 bytes)
1650960821.396060 sending message 105 to peer 0x5647f8f3b480 (33 bytes)
1650960821.396065 sending message 105 to peer 0x5647f8f3b480 (44 bytes)
1650960821.396070 sending message 105 to peer 0x5647f8f3b480 (32 bytes)
1650960821.396074 sending message 105 to peer 0x5647f8f3b480 (52 bytes)
1650960821.396078 sending message 105 to peer 0x5647f8f3b480 (28 bytes)
1650960821.396082 sending message 105 to peer 0x5647f8f3b480 (18 bytes)
1650960821.396086 sending message 105 to peer 0x5647f8f3b480 (18 bytes)
1650960821.396090 sending message 105 to peer 0x5647f8f3b480 (47 bytes)
1650960821.396094 sending message 105 to peer 0x5647f8f3b480 (23 bytes)
1650960821.396099 sending message 105 to peer 0x5647f8f3b480 (17 bytes)
1650960821.396103 sending message 105 to peer 0x5647f8f3b480 (23 bytes)
1650960821.396110 sending message 105 to peer 0x5647f8f3b480 (30 bytes)
1650960821.396115 sending message 105 to peer 0x5647f8f3b480 (27 bytes)
1650960821.396119 sending message 105 to peer 0x5647f8f3b480 (24 bytes)
1650960821.396123 sending message 105 to peer 0x5647f8f3b480 (20 bytes)
1650960821.396127 sending message 105 to peer 0x5647f8f3b480 (23 bytes)
1650960821.396132 sending message 105 to peer 0x5647f8f3b480 (21 bytes)
1650960821.396136 sending message 105 to peer 0x5647f8f3b480 (25 bytes)
1650960821.396141 sending message 105 to peer 0x5647f8f3b480 (20 bytes)
1650960821.396145 sending message 105 to peer 0x5647f8f3b480 (8 bytes)
1650960821.396149 sending message 105 to peer 0x5647f8f3b480 (15 bytes)
1650960821.396153 sending message 105 to peer 0x5647f8f3b480 (32 bytes)
1650960821.396158 sending message 105 to peer 0x5647f8f3b480 (1506 bytes)
1650960821.396172 sending message 105 to peer 0x5647f8f3b480 (16 bytes)
1650960821.396179 sending message 105 to peer 0x5647f8f3b480 (54 bytes)
1650960821.396184 sending message 105 to peer 0x5647f8f3b480 (53 bytes)
1650960821.396189 sending message 105 to peer 0x5647f8f3b480 (16 bytes)
1650960821.396193 sending message 105 to peer 0x5647f8f3b480 (26 bytes)
1650960821.396198 sending message 105 to peer 0x5647f8f3b480 (39 bytes)
1650960821.396203 sending message 105 to peer 0x5647f8f3b480 (11 bytes)
1650960821.396208 sending message 105 to peer 0x5647f8f3b480 (17 bytes)
1650960821.396213 sending message 105 to peer 0x5647f8f3b480 (198 bytes)
1650960821.396218 sending message 105 to peer 0x5647f8f3b480 (36 bytes)
1650960821.396222 sending message 105 to peer 0x5647f8f3b480 (19 bytes)
1650960821.396226 sending message 105 to peer 0x5647f8f3b480 (18 bytes)
1650960821.396231 sending message 105 to peer 0x5647f8f3b480 (112 bytes)
1650960821.396235 sending message 105 to peer 0x5647f8f3b480 (19 bytes)
1650960821.396252 sending message 105 to peer 0x5647f8f3b480 (8 bytes)
1650960821.396257 sending message 105 to peer 0x5647f8f3b480 (19 bytes)
1650960821.396261 sending message 105 to peer 0x5647f8f3b480 (41 bytes)
1650960821.396265 sending message 105 to peer 0x5647f8f3b480 (21 bytes)
1650960821.396270 sending message 105 to peer 0x5647f8f3b480 (37 bytes)
1650960821.396274 sending message 105 to peer 0x5647f8f3b480 (13 bytes)
1650960821.396279 sending message 105 to peer 0x5647f8f3b480 (12 bytes)
1650960821.396283 sending message 105 to peer 0x5647f8f3b480 (16 bytes)
1650960821.396296 sending message 105 to peer 0x5647f8f3b480 (17 bytes)
1650960821.396300 sending message 105 to peer 0x5647f8f3b480 (18 bytes)
1650960821.396304 sending message 105 to peer 0x5647f8f3b480 (13 bytes)
1650960821.396309 sending message 105 to peer 0x5647f8f3b480 (41 bytes)
1650960821.396313 sending message 105 to peer 0x5647f8f3b480 (45 bytes)
1650960821.396317 sending message 105 to peer 0x5647f8f3b480 (33 bytes)
1650960821.396321 sending message 105 to peer 0x5647f8f3b480 (85 bytes)
1650960821.396326 sending message 105 to peer 0x5647f8f3b480 (23 bytes)
1650960821.396330 sending message 105 to peer 0x5647f8f3b480 (31 bytes)
1650960821.396334 sending message 105 to peer 0x5647f8f3b480 (23 bytes)
1650960821.396338 sending message 105 to peer 0x5647f8f3b480 (27 bytes)
1650960821.396343 sending message 105 to peer 0x5647f8f3b480 (21 bytes)
1650960821.396347 sending message 105 to peer 0x5647f8f3b480 (20 bytes)
1650960821.396351 sending message 105 to peer 0x5647f8f3b480 (28 bytes)
1650960821.396356 sending message 105 to peer 0x5647f8f3b480 (16 bytes)
1650960821.396360 sending message 106 to peer 0x5647f8f3b480 (0 bytes)
1650960821.396365 sending message 200 to peer 0x5647f8f3b480 (4 bytes)
1650960821.396370 client loop enter
1650960821.396973 peer 0x5647f8f3b480 message 211
1650960821.396996 client_write: sessions should be nested with care, unset $TMUX to force\n
1650960821.397018 peer 0x5647f8f3b480 message 203
1650960821.397025 client loop exit
